<?xml version="1.0" encoding="UTF-8"?>
<!-- Generated by org.testng.reporters.JUnitReportReporter -->
<testsuite hostname="windows-server-2016-1" failures="0" tests="1" name="tests.SearchProductTest" time="2.553" errors="0" timestamp="16 May 2018 11:38:26 GMT" skipped="0">
  <testcase classname="tests.SearchProductTest" name="UserCanSearchForProducts" time="2.553"/>
</testsuite> <!-- tests.SearchProductTest -->
